#
# A fatal error has been detected by the Java Runtime Environment:
#
#  SIGSEGV (0xb) at pc=0x000071acb231775d, pid=215836, tid=215839
#
# JRE version:  (21.0.4) (build )
# Java VM: OpenJDK 64-Bit Server VM (21.0.4-internal-adhoc.pushkarnk.jdk21u, mixed mode, tiered, compressed oops, compressed class ptrs, g1 gc, linux-amd64)
# Problematic frame:
# V  [libjvm.so+0xd1775d]  defaultStream::write(char const*, unsigned long)+0x1ad
#
# Core dump will be written. Default location: Core dumps may be processed with "/usr/share/apport/apport -p%p -s%s -c%c -d%d -P%P -u%u -g%g -- %E" (or dumping to /home/pushkarnk/work/oracular/sprint13/7668/jdk21u/make/core.215836)
#
#

---------------  S U M M A R Y ------------

Command Line: -Xms64M -Xmx1600M --add-exports=java.base/jdk.internal.module=ALL-UNNAMED build.tools.jigsaw.AddPackagesAttribute /home/pushkarnk/work/oracular/sprint13/7668/jdk21u/build/linux-x86_64-server-release/jdk

Host: AMD Ryzen 7 PRO 6850U with Radeon Graphics, 16 cores, 27G, Ubuntu 24.04 LTS
Time: Thu Jun 20 01:00:28 2024 IST elapsed time: 0.019987 seconds (0d 0h 0m 0s)

---------------  T H R E A D  ---------------

Current thread (0x000071acac02b5f0):  JavaThread "Unknown thread" [_thread_in_vm, id=215839, stack(0x000071acb1417000,0x000071acb1517000) (1024K)]

Stack: [0x000071acb1417000,0x000071acb1517000],  sp=0x000071acb1515120,  free space=1016k
Native frames: (J=compiled Java code, j=interpreted, Vv=VM code, C=native code)
V  [libjvm.so+0xd1775d]  defaultStream::write(char const*, unsigned long)+0x1ad  (ostream.cpp:67)
V  [libjvm.so+0x10145af]  VM_Version::missing_features(unsigned long, unsigned long)+0x19f  (ostream.hpp:99)
V  [libjvm.so+0x101b5ab]  VM_Version::initialize()+0x44b  (vm_version_x86.cpp:2692)
V  [libjvm.so+0x1013dfc]  VM_Version_init()+0x2c  (vm_version.cpp:32)
V  [libjvm.so+0x8e77f0]  init_globals()+0x30  (init.cpp:122)
V  [libjvm.so+0xf89adc]  Threads::create_vm(JavaVMInitArgs*, bool*)+0x2ac  (threads.cpp:571)
V  [libjvm.so+0x9b8f32]  JNI_CreateJavaVM+0x52  (jni.cpp:3582)
C  [libjli.so+0x4883]  JavaMain+0x93  (java.c:1506)
C  [libjli.so+0x862d]  ThreadJavaMain+0xd  (java_md.c:642)
C  [libc.so.6+0x9ca94]

siginfo: si_signo: 11 (SIGSEGV), si_code: 1 (SEGV_MAPERR), si_addr: 0x000071acb2b62000

Registers:
RAX=0x0000000000001d5f, RBX=0x000071acb2b62000, RCX=0x0000000000000000, RDX=0x0000000000000000
RSP=0x000071acb1515120, RBP=0x000071acb1515160, RSI=0x0000000000000008, RDI=0x000071acb15169c8
R8 =0x0000000000000000, R9 =0x0000000000000000, R10=0x000071acb1515170, R11=0x0000000000000293
R12=0x000071acb1515170, R13=0x0000000000034b1f, R14=0x000071acb2ad1356, R15=0x000071acac000b70
RIP=0x000071acb231775d, EFLAGS=0x0000000000010206, CSGSFS=0x002b000000000033, ERR=0x0000000000000004
  TRAPNO=0x000000000000000e


Top of Stack: (sp=0x000071acb1515120)
0x000071acb1515120:   000071acb1515160 000071acb2613fef
0x000071acb1515130:   000071acb1515a00 000071acb1515170
0x000071acb1515140:   0000000000000000 000071acb2ade6b8
0x000071acb1515150:   000071acb1d5af00 000071acb2af90a0
0x000071acb1515160:   000071acb15153b0 000071acb26145af
0x000071acb1515170:   0000000000000000 0000000000000000
0x000071acb1515180:   0000000000000000 0000000000000000
0x000071acb1515190:   0000000000000000 0000000000000000
0x000071acb15151a0:   0000000000000000 0000000000000000
0x000071acb15151b0:   0000000000000000 0000000000000000
0x000071acb15151c0:   0000000000000000 0000000000000000
0x000071acb15151d0:   0000000000000000 0000000000000000
0x000071acb15151e0:   0000000000000000 0000000000000000
0x000071acb15151f0:   0000000000000000 0000000000000000
0x000071acb1515200:   0000000000000000 0000000000000000
0x000071acb1515210:   0000000000000000 0000000000000000
0x000071acb1515220:   0000000000000000 0000000000000000
0x000071acb1515230:   0000000000000000 0000000000000000
0x000071acb1515240:   0000000000000000 0000000000000000
0x000071acb1515250:   0000000000000000 0000000000000000
0x000071acb1515260:   0000000000000000 0000000000000000
0x000071acb1515270:   0000000000000000 0000000000000000
0x000071acb1515280:   0000000000000000 0000000000000000
0x000071acb1515290:   0000000000000000 0000000000000000
0x000071acb15152a0:   0000000000000000 0000000000000000
0x000071acb15152b0:   0000000000000000 0000000000000000
0x000071acb15152c0:   0000000000000000 0000000000000000
0x000071acb15152d0:   0000000000000000 0000000000000000
0x000071acb15152e0:   0000000000000000 0000000000000000
0x000071acb15152f0:   0000000000000000 0000000000000000
0x000071acb1515300:   0000000000000000 0000000000000000
0x000071acb1515310:   0000000000000000 0000000000000000 

Instructions: (pc=0x000071acb231775d)
0x000071acb231765d:   89 47 0c 48 83 c3 01 49 39 dc 74 29 0f b6 13 80
0x000071acb231766d:   fa 0a 75 df 83 c0 01 48 83 c3 01 be 01 00 00 00
0x000071acb231767d:   41 c7 47 0c 00 00 00 00 48 98 49 01 47 10 31 c0
0x000071acb231768d:   49 39 dc 75 d7 40 84 f6 74 79 49 8b 07 48 8d 15
0x000071acb231769d:   af 0a 00 00 4c 89 ff 48 8b 00 48 39 d0 0f 85 62
0x000071acb23176ad:   02 00 00 e8 fb 14 37 00 48 8d 05 91 af 7f 00 48
0x000071acb23176bd:   8b 3d 65 b3 81 00 80 38 00 74 07 48 8b 3d 51 b3
0x000071acb23176cd:   81 00 e8 2c 1f 58 ff 4c 89 ff e8 b4 f8 ff ff 84
0x000071acb23176dd:   c0 74 30 49 8b 7f 40 48 8d 15 05 cd ff ff 48 8b
0x000071acb23176ed:   07 48 8b 00 48 39 d0 0f 85 18 02 00 00 48 8b 7f
0x000071acb23176fd:   30 48 85 ff 74 0d e8 f8 1e 58 ff 0f 1f 84 00 00
0x000071acb231770d:   00 00 00 49 83 fd ff 74 0a 4d 3b 6f 48 0f 84 b0
0x000071acb231771d:   01 00 00 48 83 c4 18 5b 41 5c 41 5d 41 5e 41 5f
0x000071acb231772d:   5d c3 90 4d 85 e4 74 db 41 8b 47 0c 49 01 dc be
0x000071acb231773d:   08 00 00 00 eb 1a 0f 1f 44 00 00 80 fa 09 74 33
0x000071acb231774d:   83 c0 01 41 89 47 0c 48 83 c3 01 4c 39 e3 74 b3
0x000071acb231775d:   0f b6 13 80 fa 0a 75 e3 83 c0 01 41 c7 47 0c 00
0x000071acb231776d:   00 00 00 48 98 49 01 47 10 31 c0 eb da 66 0f 1f
0x000071acb231777d:   44 00 00 89 c2 f7 d0 83 e2 f8 83 e0 07 49 29 47
0x000071acb231778d:   10 01 f2 41 89 57 0c 89 d0 eb bc 0f 1f 84 00 00
0x000071acb231779d:   00 00 00 89 c2 f7 d0 83 e2 f8 83 e0 07 49 29 47
0x000071acb23177ad:   10 01 fa 41 89 57 0c 89 d0 e9 a5 fe ff ff 0f 1f
0x000071acb23177bd:   44 00 00 e8 7b cc 2e 00 84 c0 0f 85 47 fe ff ff
0x000071acb23177cd:   48 8d 05 8c ae 7f 00 41 c6 47 38 01 80 38 00 75
0x000071acb23177dd:   10 48 8d 05 cc ae 7f 00 80 38 00 0f 84 26 fe ff
0x000071acb23177ed:   ff 48 8d 05 63 ae 7f 00 4c 89 ff 48 8b 30 48 8d
0x000071acb23177fd:   05 df ef 42 00 48 85 f6 48 0f 44 f0 e8 02 ef ff
0x000071acb231780d:   ff 48 85 c0 0f 84 de 00 00 00 49 89 47 40 31 d2
0x000071acb231781d:   be 09 00 00 00 bf 88 00 00 00 48 89 45 c8 e8 e0
0x000071acb231782d:   5d 71 ff 48 8b 75 c8 49 89 c6 48 c7 40 18 00 00
0x000071acb231783d:   00 00 48 c7 40 10 00 00 00 00 4c 89 f7 48 c7 40
0x000071acb231784d:   08 00 00 00 00 48 c7 40 20 00 00 00 00 48 c7 40 



---------------  P R O C E S S  ---------------

Threads class SMR info:
_java_thread_list=0x000071acb2b54400, length=0, elements={
}

Java Threads: ( => current thread )
Total: 0

Other Threads:

=>0x000071acac02b5f0 (exited) JavaThread "Unknown thread"    [_thread_in_vm, id=215839, stack(0x000071acb1417000,0x000071acb1517000) (1024K)]
Total: 1

Threads with active compile tasks:
Total: 0

VM state: not at safepoint (not fully initialized)

VM Mutex/Monitor currently owned by a thread:  ([mutex/lock_event])
[0x000071acb2b30b00] tty_lock - owner thread: 0x000071acac02b5f0

Heap address: 0x0000000000000000, size: 0 MB, Compressed Oops mode: 32-bit

CDS archive(s) not mapped
Narrow klass base: 0x0000000000000000, Narrow klass shift: 0, Narrow klass range: 0x0

GC Precious Log:
<Not initialized>

Dll operation events (1 events):
Event: 0.003 Loaded shared library /home/pushkarnk/work/oracular/sprint13/7668/jdk21u/build/linux-x86_64-server-release/jdk/lib/libjava.so

Deoptimization events (0 events):
No events

Classes loaded (0 events):
No events

Classes unloaded (0 events):
No events

Classes redefined (0 events):
No events

Internal exceptions (0 events):
No events

ZGC Phase Switch (0 events):
No events

VM Operations (0 events):
No events

Memory protections (1 events):
Event: 0.002 Protecting memory [0x000071acb1417000,0x000071acb141b000] with protection modes 0

Nmethod flushes (0 events):
No events

Events (0 events):
No events


Dynamic libraries:
639dcdbcf000-639dcdbd0000 r--p 00000000 103:02 12111149                  /home/pushkarnk/work/oracular/sprint13/7668/jdk21u/build/linux-x86_64-server-release/jdk/bin/java
639dcdbd0000-639dcdbd1000 r-xp 00001000 103:02 12111149                  /home/pushkarnk/work/oracular/sprint13/7668/jdk21u/build/linux-x86_64-server-release/jdk/bin/java
639dcdbd1000-639dcdbd2000 r--p 00002000 103:02 12111149                  /home/pushkarnk/work/oracular/sprint13/7668/jdk21u/build/linux-x86_64-server-release/jdk/bin/java
639dcdbd2000-639dcdbd3000 r--p 00002000 103:02 12111149                  /home/pushkarnk/work/oracular/sprint13/7668/jdk21u/build/linux-x86_64-server-release/jdk/bin/java
639dcdbd3000-639dcdbd4000 rw-p 00003000 103:02 12111149                  /home/pushkarnk/work/oracular/sprint13/7668/jdk21u/build/linux-x86_64-server-release/jdk/bin/java
639dcf703000-639dcf74a000 rw-p 00000000 00:00 0                          [heap]
71ac9d000000-71ac9d270000 rwxp 00000000 00:00 0 
71ac9d270000-71aca445f000 ---p 00000000 00:00 0 
71aca445f000-71aca46cf000 rwxp 00000000 00:00 0 
71aca46cf000-71aca4ba0000 ---p 00000000 00:00 0 
71aca4ba0000-71aca4e10000 rwxp 00000000 00:00 0 
71aca4e10000-71acac000000 ---p 00000000 00:00 0 
71acac000000-71acac065000 rw-p 00000000 00:00 0 
71acac065000-71acb0000000 ---p 00000000 00:00 0 
71acb0800000-71acb0ae1000 rw-p 00000000 00:00 0 
71acb0c00000-71acb0ee1000 rw-p 00000000 00:00 0 
71acb0f3c000-71acb124a000 rw-p 00000000 00:00 0 
71acb124a000-71acb132e000 ---p 00000000 00:00 0 
71acb132e000-71acb1333000 rw-p 00000000 00:00 0 
71acb1333000-71acb1417000 ---p 00000000 00:00 0 
71acb1417000-71acb141b000 ---p 00000000 00:00 0 
71acb141b000-71acb1517000 rw-p 00000000 00:00 0 
71acb1517000-71acb1527000 r--p 00000000 103:02 17842339                  /usr/lib/x86_64-linux-gnu/libm.so.6
71acb1527000-71acb15a6000 r-xp 00010000 103:02 17842339                  /usr/lib/x86_64-linux-gnu/libm.so.6
71acb15a6000-71acb15fe000 r--p 0008f000 103:02 17842339                  /usr/lib/x86_64-linux-gnu/libm.so.6
71acb15fe000-71acb15ff000 r--p 000e7000 103:02 17842339                  /usr/lib/x86_64-linux-gnu/libm.so.6
71acb15ff000-71acb1600000 rw-p 000e8000 103:02 17842339                  /usr/lib/x86_64-linux-gnu/libm.so.6
71acb1600000-71acb1899000 r--p 00000000 103:02 12042619                  /home/pushkarnk/work/oracular/sprint13/7668/jdk21u/build/linux-x86_64-server-release/jdk/lib/server/libjvm.so
71acb1899000-71acb2720000 r-xp 00299000 103:02 12042619                  /home/pushkarnk/work/oracular/sprint13/7668/jdk21u/build/linux-x86_64-server-release/jdk/lib/server/libjvm.so
71acb2720000-71acb29fa000 r--p 01120000 103:02 12042619                  /home/pushkarnk/work/oracular/sprint13/7668/jdk21u/build/linux-x86_64-server-release/jdk/lib/server/libjvm.so
71acb29fa000-71acb2acb000 r--p 013f9000 103:02 12042619                  /home/pushkarnk/work/oracular/sprint13/7668/jdk21u/build/linux-x86_64-server-release/jdk/lib/server/libjvm.so
71acb2acb000-71acb2afb000 rw-p 014ca000 103:02 12042619                  /home/pushkarnk/work/oracular/sprint13/7668/jdk21u/build/linux-x86_64-server-release/jdk/lib/server/libjvm.so
71acb2afb000-71acb2b62000 rw-p 00000000 00:00 0 
71acb2ba8000-71acb2bad000 rw-p 00000000 00:00 0 
71acb2bad000-71acb2bb7000 ---p 00000000 00:00 0 
71acb2bb7000-71acb2bc4000 r--p 00000000 103:02 12043818                  /home/pushkarnk/work/oracular/sprint13/7668/jdk21u/build/linux-x86_64-server-release/jdk/lib/libjava.so
71acb2bc4000-71acb2bd4000 r-xp 0000d000 103:02 12043818                  /home/pushkarnk/work/oracular/sprint13/7668/jdk21u/build/linux-x86_64-server-release/jdk/lib/libjava.so
71acb2bd4000-71acb2bd9000 r--p 0001d000 103:02 12043818                  /home/pushkarnk/work/oracular/sprint13/7668/jdk21u/build/linux-x86_64-server-release/jdk/lib/libjava.so
71acb2bd9000-71acb2bda000 r--p 00022000 103:02 12043818                  /home/pushkarnk/work/oracular/sprint13/7668/jdk21u/build/linux-x86_64-server-release/jdk/lib/libjava.so
71acb2bda000-71acb2bdb000 rw-p 00023000 103:02 12043818                  /home/pushkarnk/work/oracular/sprint13/7668/jdk21u/build/linux-x86_64-server-release/jdk/lib/libjava.so
71acb2bdb000-71acb2bdc000 rw-p 00000000 00:00 0 
71acb2bdc000-71acb2be0000 r--p 00000000 103:02 12043872                  /home/pushkarnk/work/oracular/sprint13/7668/jdk21u/build/linux-x86_64-server-release/jdk/lib/libjimage.so
71acb2be0000-71acb2bf7000 r-xp 00004000 103:02 12043872                  /home/pushkarnk/work/oracular/sprint13/7668/jdk21u/build/linux-x86_64-server-release/jdk/lib/libjimage.so
71acb2bf7000-71acb2bfd000 r--p 0001b000 103:02 12043872                  /home/pushkarnk/work/oracular/sprint13/7668/jdk21u/build/linux-x86_64-server-release/jdk/lib/libjimage.so
71acb2bfd000-71acb2bff000 r--p 00020000 103:02 12043872                  /home/pushkarnk/work/oracular/sprint13/7668/jdk21u/build/linux-x86_64-server-release/jdk/lib/libjimage.so
71acb2bff000-71acb2c00000 rw-p 00022000 103:02 12043872                  /home/pushkarnk/work/oracular/sprint13/7668/jdk21u/build/linux-x86_64-server-release/jdk/lib/libjimage.so
71acb2c00000-71acb2c28000 r--p 00000000 103:02 17842336                  /usr/lib/x86_64-linux-gnu/libc.so.6
71acb2c28000-71acb2db0000 r-xp 00028000 103:02 17842336                  /usr/lib/x86_64-linux-gnu/libc.so.6
71acb2db0000-71acb2dff000 r--p 001b0000 103:02 17842336                  /usr/lib/x86_64-linux-gnu/libc.so.6
71acb2dff000-71acb2e03000 r--p 001fe000 103:02 17842336                  /usr/lib/x86_64-linux-gnu/libc.so.6
71acb2e03000-71acb2e05000 rw-p 00202000 103:02 17842336                  /usr/lib/x86_64-linux-gnu/libc.so.6
71acb2e05000-71acb2e12000 rw-p 00000000 00:00 0 
71acb2e1a000-71acb2e1c000 rw-p 00000000 00:00 0 
71acb2e1c000-71acb2e1e000 r--p 00000000 103:02 17826447                  /usr/lib/x86_64-linux-gnu/libz.so.1.3
71acb2e1e000-71acb2e30000 r-xp 00002000 103:02 17826447                  /usr/lib/x86_64-linux-gnu/libz.so.1.3
71acb2e30000-71acb2e36000 r--p 00014000 103:02 17826447                  /usr/lib/x86_64-linux-gnu/libz.so.1.3
71acb2e36000-71acb2e37000 r--p 0001a000 103:02 17826447                  /usr/lib/x86_64-linux-gnu/libz.so.1.3
71acb2e37000-71acb2e38000 rw-p 0001b000 103:02 17826447                  /usr/lib/x86_64-linux-gnu/libz.so.1.3
71acb2e44000-71acb2e4c000 rw-s 00000000 103:02 6382786                   /tmp/hsperfdata_pushkarnk/215836
71acb2e4c000-71acb2e4d000 ---p 00000000 00:00 0 
71acb2e4d000-71acb2e4e000 r--p 00000000 00:00 0 
71acb2e4e000-71acb2e4f000 ---p 00000000 00:00 0 
71acb2e4f000-71acb2e51000 r--p 00000000 103:02 12043812                  /home/pushkarnk/work/oracular/sprint13/7668/jdk21u/build/linux-x86_64-server-release/jdk/lib/libjli.so
71acb2e51000-71acb2e5b000 r-xp 00002000 103:02 12043812                  /home/pushkarnk/work/oracular/sprint13/7668/jdk21u/build/linux-x86_64-server-release/jdk/lib/libjli.so
71acb2e5b000-71acb2e5e000 r--p 0000c000 103:02 12043812                  /home/pushkarnk/work/oracular/sprint13/7668/jdk21u/build/linux-x86_64-server-release/jdk/lib/libjli.so
71acb2e5e000-71acb2e5f000 r--p 0000f000 103:02 12043812                  /home/pushkarnk/work/oracular/sprint13/7668/jdk21u/build/linux-x86_64-server-release/jdk/lib/libjli.so
71acb2e5f000-71acb2e60000 rw-p 00010000 103:02 12043812                  /home/pushkarnk/work/oracular/sprint13/7668/jdk21u/build/linux-x86_64-server-release/jdk/lib/libjli.so
71acb2e60000-71acb2e62000 rw-p 00000000 00:00 0 
71acb2e62000-71acb2e63000 r--p 00000000 103:02 17842333                  /usr/lib/x86_64-linux-gnu/ld-linux-x86-64.so.2
71acb2e63000-71acb2e8e000 r-xp 00001000 103:02 17842333                  /usr/lib/x86_64-linux-gnu/ld-linux-x86-64.so.2
71acb2e8e000-71acb2e98000 r--p 0002c000 103:02 17842333                  /usr/lib/x86_64-linux-gnu/ld-linux-x86-64.so.2
71acb2e98000-71acb2e9a000 r--p 00036000 103:02 17842333                  /usr/lib/x86_64-linux-gnu/ld-linux-x86-64.so.2
71acb2e9a000-71acb2e9c000 rw-p 00038000 103:02 17842333                  /usr/lib/x86_64-linux-gnu/ld-linux-x86-64.so.2
7ffe86d86000-7ffe86da8000 rw-p 00000000 00:00 0                          [stack]
7ffe86dc2000-7ffe86dc6000 r--p 00000000 00:00 0                          [vvar]
7ffe86dc6000-7ffe86dc8000 r-xp 00000000 00:00 0                          [vdso]
ffffffffff600000-ffffffffff601000 --xp 00000000 00:00 0                  [vsyscall]
Total number of mappings: 77


VM Arguments:
jvm_args: -Xms64M -Xmx1600M --add-exports=java.base/jdk.internal.module=ALL-UNNAMED 
java_command: build.tools.jigsaw.AddPackagesAttribute /home/pushkarnk/work/oracular/sprint13/7668/jdk21u/build/linux-x86_64-server-release/jdk
java_class_path (initial): /home/pushkarnk/work/oracular/sprint13/7668/jdk21u/build/linux-x86_64-server-release/buildtools/tools_jigsaw_classes
Launcher Type: SUN_STANDARD

[Global flags]
     intx CICompilerCount                          = 12                                        {product} {ergonomic}
     uint ConcGCThreads                            = 3                                         {product} {ergonomic}
     uint G1ConcRefinementThreads                  = 13                                        {product} {ergonomic}
    uintx GCDrainStackTargetSize                   = 64                                        {product} {ergonomic}
   size_t InitialHeapSize                          = 67108864                                  {product} {command line}
   size_t MarkStackSize                            = 4194304                                   {product} {ergonomic}
   size_t MaxHeapSize                              = 1677721600                                {product} {command line}
   size_t MinHeapSize                              = 67108864                                  {product} {command line}
    uintx NonNMethodCodeHeapSize                   = 7602480                                {pd product} {ergonomic}
    uintx NonProfiledCodeHeapSize                  = 122027880                              {pd product} {ergonomic}
    uintx ProfiledCodeHeapSize                     = 122027880                              {pd product} {ergonomic}
    uintx ReservedCodeCacheSize                    = 251658240                              {pd product} {ergonomic}
     bool SegmentedCodeCache                       = true                                      {product} {ergonomic}
     bool UseCompressedOops                        = true                           {product lp64_product} {ergonomic}
     bool UseG1GC                                  = true                                      {product} {ergonomic}

Logging:
Log output configuration:
 #0: stdout all=warning uptime,level,tags foldmultilines=false
 #1: stderr all=off uptime,level,tags foldmultilines=false

Environment Variables:
CLASSPATH=
PATH=/home/pushkarnk/bin:/usr/local/sbin:/usr/local/bin:/usr/sbin:/usr/bin:/sbin:/bin:/usr/games:/usr/local/games:/snap/bin:/snap/bin:/home/pushkarnk/.dotnet/tools
USERNAME=pushkarnk
SHELL=/bin/bash
DISPLAY=:0
LANG=en_US.UTF-8
LC_ALL=C
TERM=xterm-256color

Active Locale:
LC_ALL=C
LC_COLLATE=C
LC_CTYPE=C
LC_MESSAGES=C
LC_MONETARY=C
LC_NUMERIC=C
LC_TIME=C

Signal Handlers:
   SIGSEGV: crash_handler in libjvm.so, mask=11100100010111111101111111111110, flags=SA_RESTART|SA_SIGINFO, unblocked
    SIGBUS: crash_handler in libjvm.so, mask=11100100010111111101111111111110, flags=SA_RESTART|SA_SIGINFO, unblocked
    SIGFPE: crash_handler in libjvm.so, mask=11100100010111111101111111111110, flags=SA_RESTART|SA_SIGINFO, unblocked
   SIGPIPE: javaSignalHandler in libjvm.so, mask=11100100010111111101111111111110, flags=SA_RESTART|SA_SIGINFO, blocked
   SIGXFSZ: javaSignalHandler in libjvm.so, mask=11100100010111111101111111111110, flags=SA_RESTART|SA_SIGINFO, blocked
    SIGILL: crash_handler in libjvm.so, mask=11100100010111111101111111111110, flags=SA_RESTART|SA_SIGINFO, unblocked
   SIGUSR2: SR_handler in libjvm.so, mask=00000000000000000000000000000000, flags=SA_RESTART|SA_SIGINFO, blocked
    SIGHUP: SIG_DFL, mask=00000000000000000000000000000000, flags=none, blocked
    SIGINT: SIG_DFL, mask=00000000000000000000000000000000, flags=none, blocked
   SIGTERM: SIG_DFL, mask=00000000000000000000000000000000, flags=none, blocked
   SIGQUIT: UserHandler in libjvm.so, mask=11100100010111111101111111111110, flags=SA_RESTART|SA_SIGINFO, blocked
   SIGTRAP: crash_handler in libjvm.so, mask=11100100010111111101111111111110, flags=SA_RESTART|SA_SIGINFO, unblocked


Periodic native trim disabled

---------------  S Y S T E M  ---------------

OS:
DISTRIB_ID=Ubuntu
DISTRIB_RELEASE=24.04
DISTRIB_CODENAME=noble
DISTRIB_DESCRIPTION="Ubuntu 24.04 LTS"
uname: Linux 6.8.0-35-generic #35-Ubuntu SMP PREEMPT_DYNAMIC Mon May 20 15:51:52 UTC 2024 x86_64
OS uptime: 0 days 13:57 hours
libc: glibc 2.39 NPTL 2.39 
rlimit (soft/hard): STACK 8192k/infinity , CORE 0k/infinity , NPROC 111006/111006 , NOFILE 1048576/1048576 , AS infinity/infinity , CPU infinity/infinity , DATA infinity/infinity , FSIZE infinity/infinity , MEMLOCK 3561656k/3561656k
load average: 14.72 10.47 5.42

/proc/meminfo:
MemTotal:       28493276 kB
MemFree:         4940344 kB
MemAvailable:   19518988 kB
Buffers:          309176 kB
Cached:         13823116 kB
SwapCached:        83828 kB
Active:          3428644 kB
Inactive:       14507628 kB
Active(anon):    2693496 kB
Inactive(anon):  1177280 kB
Active(file):     735148 kB
Inactive(file): 13330348 kB
Unevictable:          96 kB
Mlocked:              96 kB
SwapTotal:       8388604 kB
SwapFree:        6082812 kB
Zswap:                 0 kB
Zswapped:              0 kB
Dirty:            888988 kB
Writeback:           728 kB
AnonPages:       3726180 kB
Mapped:           888844 kB
Shmem:             66776 kB
KReclaimable:    1096700 kB
Slab:            2429740 kB
SReclaimable:    1096700 kB
SUnreclaim:      1333040 kB
KernelStack:       43728 kB
PageTables:       114716 kB
SecPageTables:         0 kB
NFS_Unstable:          0 kB
Bounce:                0 kB
WritebackTmp:          0 kB
CommitLimit:    22635240 kB
Committed_AS:   45659876 kB
VmallocTotal:   34359738367 kB
VmallocUsed:      598952 kB
VmallocChunk:          0 kB
Percpu:            53056 kB
HardwareCorrupted:     0 kB
AnonHugePages:         0 kB
ShmemHugePages:        0 kB
ShmemPmdMapped:        0 kB
FileHugePages:         0 kB
FilePmdMapped:         0 kB
Unaccepted:            0 kB
HugePages_Total:       0
HugePages_Free:        0
HugePages_Rsvd:        0
HugePages_Surp:        0
Hugepagesize:       2048 kB
Hugetlb:               0 kB
DirectMap4k:     1733328 kB
DirectMap2M:    27385856 kB
DirectMap1G:           0 kB

/sys/kernel/mm/transparent_hugepage/enabled: always [madvise] never
/sys/kernel/mm/transparent_hugepage/hpage_pmd_size: 2097152
/sys/kernel/mm/transparent_hugepage/defrag (defrag/compaction efforts parameter): always defer defer+madvise [madvise] never

Process Memory:
Virtual Size: 349424K (peak: 349424K)
Resident Set Size: 34560K (peak: 34560K) (anon: 10880K, file: 23680K, shmem: 0K)
Swapped out: 0K
C-Heap outstanding allocations: 9491K, retained: 216K
glibc malloc tunables: (default)

/proc/sys/kernel/threads-max (system-wide limit on the number of threads): 222012
/proc/sys/vm/max_map_count (maximum number of memory map areas a process may have): 1048576
/proc/sys/vm/swappiness (control to define how aggressively the kernel swaps out anonymous memory): 60
/proc/sys/kernel/pid_max (system-wide limit on number of process identifiers): 4194304

container (cgroup) information:
container_type: cgroupv2
cpu_cpuset_cpus: not supported
cpu_memory_nodes: not supported
active_processor_count: 16
cpu_quota: not supported
cpu_period: not supported
cpu_shares: not supported
memory_limit_in_bytes: unlimited
memory_and_swap_limit_in_bytes: unlimited
memory_soft_limit_in_bytes: unlimited
memory_usage_in_bytes: 5831032 k
memory_max_usage_in_bytes: not supported
memory_swap_current_in_bytes: 4 k
memory_swap_max_limit_in_bytes: unlimited
maximum number of tasks: 33301
current number of tasks: 21

Steal ticks since vm start: 0
Steal ticks percentage since vm start:  0.000

CPU: total 16 (initial active 16) 
CPU Model and flags from /proc/cpuinfo:
model name	: AMD Ryzen 7 PRO 6850U with Radeon Graphics
flags		: fpu vme de pse tsc msr pae mce cx8 apic sep mtrr pge mca cmov pat pse36 clflush mmx fxsr sse sse2 ht syscall nx mmxext fxsr_opt pdpe1gb rdtscp lm constant_tsc rep_good nopl nonstop_tsc cpuid extd_apicid aperfmperf rapl pni pclmulqdq monitor ssse3 fma cx16 sse4_1 sse4_2 x2apic movbe popcnt aes xsave avx f16c rdrand lahf_lm cmp_legacy svm extapic cr8_legacy abm sse4a misalignsse 3dnowprefetch osvw ibs skinit wdt tce topoext perfctr_core perfctr_nb bpext perfctr_llc mwaitx cpb cat_l3 cdp_l3 hw_pstate ssbd mba ibrs ibpb stibp vmmcall fsgsbase bmi1 avx2 smep bmi2 erms invpcid cqm rdt_a rdseed adx smap clflushopt clwb sha_ni xsaveopt xsavec xgetbv1 xsaves cqm_llc cqm_occup_llc cqm_mbm_total cqm_mbm_local user_shstk clzero irperf xsaveerptr rdpru wbnoinvd cppc arat npt lbrv svm_lock nrip_save tsc_scale vmcb_clean flushbyasid decodeassists pausefilter pfthreshold avic v_vmsave_vmload vgif v_spec_ctrl umip pku ospke vaes vpclmulqdq rdpid overflow_recov succor smca fsrm debug_swap

Online cpus: 0-15
Offline cpus: 
BIOS frequency limitation: <Not Available>
Frequency switch latency (ns): 0
Available cpu frequencies: <Not Available>
Current governor: powersave
Core performance/turbo boost: <Not Available>

Memory: 4k page, physical 28493276k(19518988k free), swap 8388604k(6082812k free)
Page Sizes: 4k

vm_info: OpenJDK 64-Bit Server VM (21.0.4-internal-adhoc.pushkarnk.jdk21u) for linux-amd64 JRE (21.0.4-internal-adhoc.pushkarnk.jdk21u), built on 2024-06-19T16:50:03Z by "pushkarnk" with gcc 13.2.0

END.
